<?xml version="1.0" encoding="UTF-8"?>
<testng-results skipped="0" failed="0" total="0" passed="0">
  <reporter-output>
  </reporter-output>
  <suite name="Brand Preference Center" duration-ms="18405" started-at="2016-05-17T15:53:34Z" finished-at="2016-05-17T15:53:52Z">
    <groups>
    </groups>
    <test name="Regression Test" duration-ms="18405" started-at="2016-05-17T15:53:34Z" finished-at="2016-05-17T15:53:52Z">
      <class name="appium.mobile.QuickView">
        <test-method status="PASS" signature="beforeClass()[pri:0, instance:appium.mobile.QuickView@153f5a29]" name="beforeClass" is-config="true" duration-ms="18402" started-at="2016-05-17T11:53:34Z" finished-at="2016-05-17T11:53:52Z">
          <reporter-output>
          </reporter-output>
        </test-method> <!-- beforeClass -->
      </class> <!-- appium.mobile.QuickView -->
    </test> <!-- Regression Test -->
  </suite> <!-- Brand Preference Center -->
</testng-results>
